<?xml version="1.0" encoding="UTF-8"?>
<!-- Generated by org.testng.reporters.JUnitReportReporter -->
<testsuite hostname="DESKTOP-F4E7MDH" failures="0" tests="1" name="organizationTest.CreateOrgTest" time="0.013" errors="0" timestamp="2022-12-17T17:04:06 IST" skipped="0">
  <testcase classname="organizationTest.CreateOrgTest" name="tc_215_CreateOrgWithMandatoryFieldsTest" time="0.013"/>
  <system-out/>
</testsuite> <!-- organizationTest.CreateOrgTest -->
